# JRE version: Java(TM) SE Runtime Environment (8.0_221-b11) (build 1.8.0_221-b11)
# Java VM: Java HotSpot(TM) 64-Bit Server VM (25.221-b11 mixed mode windows-amd64 compressed oops)
Heap:
 PSYoungGen      total 252416K, used 41502K [0x00000000d5980000, 0x00000000e5d00000, 0x0000000100000000)
  eden space 239104K, 17% used [0x00000000d5980000,0x00000000d8207868,0x00000000e4300000)
  from space 13312K, 0% used [0x00000000e4300000,0x00000000e4300000,0x00000000e5000000)
  to   space 12288K, 0% used [0x00000000e5100000,0x00000000e5100000,0x00000000e5d00000)
 ParOldGen       total 70144K, used 11801K [0x0000000080c00000, 0x0000000085080000, 0x00000000d5980000)
  object space 70144K, 16% used [0x0000000080c00000,0x00000000817866e8,0x0000000085080000)
 Metaspace       used 40912K, capacity 42724K, committed 43136K, reserved 1093632K
  class space    used 5542K, capacity 5927K, committed 6016K, reserved 1048576K
GC Heap History (10 events):
Event: 6.601 GC heap before
{Heap before GC invocations=12 (full 3):
 PSYoungGen      total 252416K, used 7510K [0x00000000d5980000, 0x00000000e5d00000, 0x0000000100000000)
  eden space 239104K, 0% used [0x00000000d5980000,0x00000000d5980000,0x00000000e4300000)
  from space 13312K, 56% used [0x00000000e4300000,0x00000000e4a55828,0x00000000e5000000)
  to   space 12288K, 0% used [0x00000000e5100000,0x00000000e5100000,0x00000000e5d00000)
 ParOldGen       total 70144K, used 15909K [0x0000000080c00000, 0x0000000085080000, 0x00000000d5980000)
  object space 70144K, 22% used [0x0000000080c00000,0x0000000081b89618,0x0000000085080000)
 Metaspace       used 41075K, capacity 43016K, committed 43136K, reserved 1091584K
  class space    used 5560K, capacity 5957K, committed 6016K, reserved 1048576K
Event: 6.748 GC heap after
Heap after GC invocations=12 (full 3):
 PSYoungGen      total 252416K, used 0K [0x00000000d5980000, 0x00000000e5d00000, 0x0000000100000000)
  eden space 239104K, 0% used [0x00000000d5980000,0x00000000d5980000,0x00000000e4300000)
  from space 13312K, 0% used [0x00000000e4300000,0x00000000e4300000,0x00000000e5000000)
  to   space 12288K, 0% used [0x00000000e5100000,0x00000000e5100000,0x00000000e5d00000)
 ParOldGen       total 70144K, used 19810K [0x0000000080c00000, 0x0000000085080000, 0x00000000d5980000)
  object space 70144K, 28% used [0x0000000080c00000,0x0000000081f588a0,0x0000000085080000)
 Metaspace       used 41075K, capacity 43016K, committed 43136K, reserved 1089536K
  class space    used 5560K, capacity 5957K, committed 6016K, reserved 1048576K
}
Event: 6.757 GC heap before
{Heap before GC invocations=13 (full 3):
 PSYoungGen      total 252416K, used 3699K [0x00000000d5980000, 0x00000000e5d00000, 0x0000000100000000)
  eden space 239104K, 1% used [0x00000000d5980000,0x00000000d5d1ccf8,0x00000000e4300000)
  from space 13312K, 0% used [0x00000000e4300000,0x00000000e4300000,0x00000000e5000000)
  to   space 12288K, 0% used [0x00000000e5100000,0x00000000e5100000,0x00000000e5d00000)
 ParOldGen       total 70144K, used 19810K [0x0000000080c00000, 0x0000000085080000, 0x00000000d5980000)
  object space 70144K, 28% used [0x0000000080c00000,0x0000000081f588a0,0x0000000085080000)
 Metaspace       used 41114K, capacity 43048K, committed 43136K, reserved 1093632K
  class space    used 5576K, capacity 5989K, committed 6016K, reserved 1048576K
Event: 6.759 GC heap after
Heap after GC invocations=13 (full 3):
 PSYoungGen      total 251392K, used 192K [0x00000000d5980000, 0x00000000e5d00000, 0x0000000100000000)
  eden space 239104K, 0% used [0x00000000d5980000,0x00000000d5980000,0x00000000e4300000)
  from space 12288K, 1% used [0x00000000e5100000,0x00000000e5130000,0x00000000e5d00000)
  to   space 13312K, 0% used [0x00000000e4300000,0x00000000e4300000,0x00000000e5000000)
 ParOldGen       total 70144K, used 19810K [0x0000000080c00000, 0x0000000085080000, 0x00000000d5980000)
  object space 70144K, 28% used [0x0000000080c00000,0x0000000081f588a0,0x0000000085080000)
 Metaspace       used 41114K, capacity 43048K, committed 43136K, reserved 1093632K
  class space    used 5576K, capacity 5989K, committed 6016K, reserved 1048576K
}
Event: 6.759 GC heap before
{Heap before GC invocations=14 (full 4):
 PSYoungGen      total 251392K, used 192K [0x00000000d5980000, 0x00000000e5d00000, 0x0000000100000000)
  eden space 239104K, 0% used [0x00000000d5980000,0x00000000d5980000,0x00000000e4300000)
  from space 12288K, 1% used [0x00000000e5100000,0x00000000e5130000,0x00000000e5d00000)
  to   space 13312K, 0% used [0x00000000e4300000,0x00000000e4300000,0x00000000e5000000)
 ParOldGen       total 70144K, used 19810K [0x0000000080c00000, 0x0000000085080000, 0x00000000d5980000)
  object space 70144K, 28% used [0x0000000080c00000,0x0000000081f588a0,0x0000000085080000)
 Metaspace       used 41114K, capacity 43048K, committed 43136K, reserved 1093632K
  class space    used 5576K, capacity 5989K, committed 6016K, reserved 1048576K
Event: 6.797 GC heap after
Heap after GC invocations=14 (full 4):
 PSYoungGen      total 251392K, used 0K [0x00000000d5980000, 0x00000000e5d00000, 0x0000000100000000)
  eden space 239104K, 0% used [0x00000000d5980000,0x00000000d5980000,0x00000000e4300000)
  from space 12288K, 0% used [0x00000000e5100000,0x00000000e5100000,0x00000000e5d00000)
  to   space 13312K, 0% used [0x00000000e4300000,0x00000000e4300000,0x00000000e5000000)
 ParOldGen       total 70144K, used 15173K [0x0000000080c00000, 0x0000000085080000, 0x00000000d5980000)
  object space 70144K, 21% used [0x0000000080c00000,0x0000000081ad1528,0x0000000085080000)
 Metaspace       used 41114K, capacity 43048K, committed 43136K, reserved 1089536K
  class space    used 5576K, capacity 5989K, committed 6016K, reserved 1048576K
}
Event: 6.797 GC heap before
{Heap before GC invocations=15 (full 4):
 PSYoungGen      total 251392K, used 0K [0x00000000d5980000, 0x00000000e5d00000, 0x0000000100000000)
  eden space 239104K, 0% used [0x00000000d5980000,0x00000000d5980000,0x00000000e4300000)
  from space 12288K, 0% used [0x00000000e5100000,0x00000000e5100000,0x00000000e5d00000)
  to   space 13312K, 0% used [0x00000000e4300000,0x00000000e4300000,0x00000000e5000000)
 ParOldGen       total 70144K, used 15173K [0x0000000080c00000, 0x0000000085080000, 0x00000000d5980000)
  object space 70144K, 21% used [0x0000000080c00000,0x0000000081ad1528,0x0000000085080000)
 Metaspace       used 41114K, capacity 43048K, committed 43136K, reserved 1093632K
  class space    used 5576K, capacity 5989K, committed 6016K, reserved 1048576K
Event: 6.798 GC heap after
Heap after GC invocations=15 (full 4):
 PSYoungGen      total 252416K, used 0K [0x00000000d5980000, 0x00000000e5d00000, 0x0000000100000000)
  eden space 239104K, 0% used [0x00000000d5980000,0x00000000d5980000,0x00000000e4300000)
  from space 13312K, 0% used [0x00000000e4300000,0x00000000e4300000,0x00000000e5000000)
  to   space 12288K, 0% used [0x00000000e5100000,0x00000000e5100000,0x00000000e5d00000)
 ParOldGen       total 70144K, used 15173K [0x0000000080c00000, 0x0000000085080000, 0x00000000d5980000)
  object space 70144K, 21% used [0x0000000080c00000,0x0000000081ad1528,0x0000000085080000)
 Metaspace       used 41114K, capacity 43048K, committed 43136K, reserved 1093632K
  class space    used 5576K, capacity 5989K, committed 6016K, reserved 1048576K
}
Event: 6.798 GC heap before
{Heap before GC invocations=16 (full 5):
 PSYoungGen      total 252416K, used 0K [0x00000000d5980000, 0x00000000e5d00000, 0x0000000100000000)
  eden space 239104K, 0% used [0x00000000d5980000,0x00000000d5980000,0x00000000e4300000)
  from space 13312K, 0% used [0x00000000e4300000,0x00000000e4300000,0x00000000e5000000)
  to   space 12288K, 0% used [0x00000000e5100000,0x00000000e5100000,0x00000000e5d00000)
 ParOldGen       total 70144K, used 15173K [0x0000000080c00000, 0x0000000085080000, 0x00000000d5980000)
  object space 70144K, 21% used [0x0000000080c00000,0x0000000081ad1528,0x0000000085080000)
 Metaspace       used 41114K, capacity 43048K, committed 43136K, reserved 1093632K
  class space    used 5576K, capacity 5989K, committed 6016K, reserved 1048576K
Event: 6.879 GC heap after
Heap after GC invocations=16 (full 5):
 PSYoungGen      total 252416K, used 0K [0x00000000d5980000, 0x00000000e5d00000, 0x0000000100000000)
  eden space 239104K, 0% used [0x00000000d5980000,0x00000000d5980000,0x00000000e4300000)
  from space 13312K, 0% used [0x00000000e4300000,0x00000000e4300000,0x00000000e5000000)
  to   space 12288K, 0% used [0x00000000e5100000,0x00000000e5100000,0x00000000e5d00000)
 ParOldGen       total 70144K, used 11801K [0x0000000080c00000, 0x0000000085080000, 0x00000000d5980000)
  object space 70144K, 16% used [0x0000000080c00000,0x00000000817866e8,0x0000000085080000)
 Metaspace       used 40883K, capacity 42676K, committed 43136K, reserved 1089536K
  class space    used 5537K, capacity 5919K, committed 6016K, reserved 1048576K
}

